<?xml version="1.0" encoding="UTF-8"?>
<!-- Generated by org.testng.reporters.JUnitReportReporter -->
<testsuite hostname="DESKTOP-3QACDJK" failures="0" tests="1" name="OrangeAssessment.OrangeAssessement" time="3.723" errors="0" timestamp="18 Dec 2021 18:17:19 GMT" skipped="0">
  <testcase classname="OrangeAssessment.OrangeAssessement" name="Searching" time="3.723"/>
</testsuite> <!-- OrangeAssessment.OrangeAssessement -->
