<?xml version="1.0" encoding="UTF-8"?>
<!-- Generated by org.testng.reporters.JUnitReportReporter -->
<testsuite hostname="DESKTOP-3QACDJK" failures="0" tests="2" name="OrangeAssessment.Tests" time="9.545" errors="0" timestamp="20 Dec 2021 13:32:48 GMT" skipped="0">
  <testcase classname="OrangeAssessment.Tests" name="GotoAppPage" time="7.935"/>
  <testcase classname="OrangeAssessment.Tests" name="SearchForFaceBook" time="1.610"/>
</testsuite> <!-- OrangeAssessment.Tests -->
